-------------------------------------------------------------------------------
Test set: at.fhtw.swen3.persistence.entity.RecipientEntityTest
-------------------------------------------------------------------------------
Tests run: 8, Failures: 1, Errors: 0, Skipped: 0, Time elapsed: 0.065 s <<< FAILURE! - in at.fhtw.swen3.persistence.entity.RecipientEntityTest
validationTest_NotOk  Time elapsed: 0.03 s  <<< FAILURE!
org.opentest4j.AssertionFailedError: Validation should fail!
	at at.fhtw.swen3.persistence.entity.RecipientEntityTest.validationTest_NotOk(RecipientEntityTest.java:84)

