<?xml version="1.0" encoding="UTF-8"?>
<testsuite xmlns:xsi="http://www.w3.org/2001/XMLSchema-instance" xsi:noNamespaceSchemaLocation="https://maven.apache.org/surefire/maven-surefire-plugin/xsd/surefire-test-report.xsd" name="at.fhtw.swen3.persistence.repository.RecipientRepositoryTest" time="15.426" tests="4" errors="0" skipped="0" failures="2">
  <properties>
[...]
</properties>
  <testcase name="testSaveNewRecipient" classname="at.fhtw.swen3.persistence.repository.RecipientRepositoryTest" time="0.78"/>
  <testcase name="testDeleteRecipient" classname="at.fhtw.swen3.persistence.repository.RecipientRepositoryTest" time="0.014">
    <failure message="expected: &lt;1&gt; but was: &lt;0&gt;" type="org.opentest4j.AssertionFailedError"><![CDATA[org.opentest4j.AssertionFailedError: expected: <1> but was: <0>
	at at.fhtw.swen3.persistence.repository.RecipientRepositoryTest.testDeleteRecipient(RecipientRepositoryTest.java:50)
]]></failure>
    <system-out><![CDATA[Hibernate: 
    select
        count(*) as col_0_0_ 
    from
        t_recipient recipiente0_
]]></system-out>
  </testcase>
  <testcase name="testGetRecipient" classname="at.fhtw.swen3.persistence.repository.RecipientRepositoryTest" time="0.103"/>
  <testcase name="testUpdateRecipient" classname="at.fhtw.swen3.persistence.repository.RecipientRepositoryTest" time="0.014">
    <failure message="expected: &lt;2&gt; but was: &lt;1&gt;" type="org.opentest4j.AssertionFailedError"><![CDATA[org.opentest4j.AssertionFailedError: expected: <2> but was: <1>
	at at.fhtw.swen3.persistence.repository.RecipientRepositoryTest.testUpdateRecipient(RecipientRepositoryTest.java:44)
]]></failure>
    <system-out><![CDATA[Hibernate: 
    call next value for hibernate_sequence
Hibernate: 
    insert 
    into
        t_recipient
        (city, country, name, postal_code, street, id) 
    values
        (?, ?, ?, ?, ?, ?)
Hibernate: 
    select
        count(*) as col_0_0_ 
    from
        t_recipient recipiente0_
]]></system-out>
  </testcase>
</testsuite>